{"C:\\Users\\e032126\\service-provision-app\\server\\config.js": {"path":"C:\\Users\\e032126\\service-provision-app\\server\\config.js","statementMap":{"0":{"start":{"line":2,"column":15},"end":{"line":25,"column":1}}},"fnMap":{},"branchMap":{"0":{"loc":{"start":{"line":27,"column":22},"end":{"line":27,"column":59}},"type":"binary-expr","locations":[{"start":{"line":27,"column":22},"end":{"line":27,"column":42}},{"start":{"line":27,"column":46},"end":{"line":27,"column":59}}],"line":27}},"s":{"0":1},"f":{},"b":{"0":[1,0]},"_coverageSchema":"1a1c01bbd47fc00a2c39e90264f33305004495a9","hash":"3f9cf7b09e1dd5078db4906c635e6a47d2f9e750"}
,"C:\\Users\\e032126\\service-provision-app\\server\\mail.js": {"path":"C:\\Users\\e032126\\service-provision-app\\server\\mail.js","statementMap":{"0":{"start":{"line":5,"column":0},"end":{"line":5,"column":16}},"1":{"start":{"line":6,"column":20},"end":{"line":6,"column":51}},"2":{"start":{"line":8,"column":20},"end":{"line":17,"column":4}},"3":{"start":{"line":18,"column":2},"end":{"line":24,"column":5}},"4":{"start":{"line":19,"column":4},"end":{"line":23,"column":5}},"5":{"start":{"line":20,"column":6},"end":{"line":20,"column":60}},"6":{"start":{"line":22,"column":6},"end":{"line":22,"column":58}},"7":{"start":{"line":25,"column":32},"end":{"line":49,"column":3}},"8":{"start":{"line":26,"column":24},"end":{"line":40,"column":5}},"9":{"start":{"line":42,"column":4},"end":{"line":48,"column":7}},"10":{"start":{"line":43,"column":6},"end":{"line":47,"column":7}},"11":{"start":{"line":44,"column":8},"end":{"line":44,"column":51}},"12":{"start":{"line":46,"column":8},"end":{"line":46,"column":52}}},"fnMap":{"0":{"name":"(anonymous_0)","decl":{"start":{"line":18,"column":21},"end":{"line":18,"column":22}},"loc":{"start":{"line":18,"column":46},"end":{"line":24,"column":3}},"line":18},"1":{"name":"(anonymous_1)","decl":{"start":{"line":25,"column":32},"end":{"line":25,"column":33}},"loc":{"start":{"line":25,"column":66},"end":{"line":49,"column":3}},"line":25},"2":{"name":"(anonymous_2)","decl":{"start":{"line":42,"column":38},"end":{"line":42,"column":39}},"loc":{"start":{"line":42,"column":55},"end":{"line":48,"column":5}},"line":42}},"branchMap":{"0":{"loc":{"start":{"line":19,"column":4},"end":{"line":23,"column":5}},"type":"if","locations":[{"start":{"line":19,"column":4},"end":{"line":23,"column":5}},{"start":{"line":21,"column":11},"end":{"line":23,"column":5}}],"line":19},"1":{"loc":{"start":{"line":43,"column":6},"end":{"line":47,"column":7}},"type":"if","locations":[{"start":{"line":43,"column":6},"end":{"line":47,"column":7}},{"start":{"line":45,"column":13},"end":{"line":47,"column":7}}],"line":43}},"s":{"0":1,"1":1,"2":1,"3":1,"4":1,"5":0,"6":1,"7":1,"8":0,"9":0,"10":0,"11":0,"12":0},"f":{"0":1,"1":0,"2":0},"b":{"0":[0,1],"1":[0,0]},"_coverageSchema":"1a1c01bbd47fc00a2c39e90264f33305004495a9","hash":"40068937cc1e6f751907390111bdf2769bd966a4"}
,"C:\\Users\\e032126\\service-provision-app\\server\\sequelize.js": {"path":"C:\\Users\\e032126\\service-provision-app\\server\\sequelize.js","statementMap":{"0":{"start":{"line":5,"column":18},"end":{"line":8,"column":2}}},"fnMap":{},"branchMap":{},"s":{"0":1},"f":{},"b":{},"_coverageSchema":"1a1c01bbd47fc00a2c39e90264f33305004495a9","hash":"451215ff2e1972aa233ae68ec7a79cd75e782432"}
,"C:\\Users\\e032126\\service-provision-app\\server\\server.js": {"path":"C:\\Users\\e032126\\service-provision-app\\server\\server.js","statementMap":{"0":{"start":{"line":18,"column":19},"end":{"line":18,"column":21}},"1":{"start":{"line":19,"column":23},"end":{"line":38,"column":1}},"2":{"start":{"line":39,"column":12},"end":{"line":39,"column":21}},"3":{"start":{"line":40,"column":0},"end":{"line":40,"column":24}},"4":{"start":{"line":41,"column":0},"end":{"line":47,"column":2}},"5":{"start":{"line":48,"column":0},"end":{"line":48,"column":24}},"6":{"start":{"line":49,"column":20},"end":{"line":49,"column":48}},"7":{"start":{"line":50,"column":0},"end":{"line":50,"column":68}},"8":{"start":{"line":53,"column":20},"end":{"line":71,"column":1}},"9":{"start":{"line":54,"column":2},"end":{"line":70,"column":3}},"10":{"start":{"line":55,"column":6},"end":{"line":55,"column":37}},"11":{"start":{"line":57,"column":29},"end":{"line":57,"column":71}},"12":{"start":{"line":59,"column":6},"end":{"line":64,"column":9}},"13":{"start":{"line":66,"column":6},"end":{"line":66,"column":54}},"14":{"start":{"line":69,"column":6},"end":{"line":69,"column":55}},"15":{"start":{"line":73,"column":0},"end":{"line":73,"column":14}},"16":{"start":{"line":76,"column":19},"end":{"line":95,"column":1}},"17":{"start":{"line":77,"column":16},"end":{"line":77,"column":33}},"18":{"start":{"line":78,"column":2},"end":{"line":94,"column":3}},"19":{"start":{"line":79,"column":4},"end":{"line":82,"column":7}},"20":{"start":{"line":84,"column":4},"end":{"line":93,"column":7}},"21":{"start":{"line":85,"column":6},"end":{"line":92,"column":7}},"22":{"start":{"line":86,"column":8},"end":{"line":86,"column":56}},"23":{"start":{"line":88,"column":8},"end":{"line":88,"column":47}},"24":{"start":{"line":89,"column":8},"end":{"line":89,"column":32}},"25":{"start":{"line":90,"column":8},"end":{"line":90,"column":32}},"26":{"start":{"line":91,"column":8},"end":{"line":91,"column":15}},"27":{"start":{"line":98,"column":20},"end":{"line":113,"column":1}},"28":{"start":{"line":99,"column":2},"end":{"line":112,"column":3}},"29":{"start":{"line":100,"column":4},"end":{"line":100,"column":51}},"30":{"start":{"line":101,"column":17},"end":{"line":101,"column":48}},"31":{"start":{"line":102,"column":4},"end":{"line":102,"column":39}},"32":{"start":{"line":103,"column":4},"end":{"line":108,"column":5}},"33":{"start":{"line":104,"column":6},"end":{"line":104,"column":13}},"34":{"start":{"line":106,"column":6},"end":{"line":106,"column":59}},"35":{"start":{"line":107,"column":6},"end":{"line":107,"column":75}},"36":{"start":{"line":110,"column":4},"end":{"line":110,"column":49}},"37":{"start":{"line":111,"column":4},"end":{"line":111,"column":59}},"38":{"start":{"line":119,"column":0},"end":{"line":124,"column":3}},"39":{"start":{"line":120,"column":2},"end":{"line":123,"column":5}},"40":{"start":{"line":126,"column":0},"end":{"line":142,"column":3}},"41":{"start":{"line":127,"column":2},"end":{"line":141,"column":3}},"42":{"start":{"line":128,"column":22},"end":{"line":131,"column":6}},"43":{"start":{"line":133,"column":4},"end":{"line":137,"column":5}},"44":{"start":{"line":134,"column":6},"end":{"line":134,"column":33}},"45":{"start":{"line":136,"column":6},"end":{"line":136,"column":67}},"46":{"start":{"line":139,"column":4},"end":{"line":139,"column":52}},"47":{"start":{"line":140,"column":4},"end":{"line":140,"column":59}},"48":{"start":{"line":143,"column":0},"end":{"line":157,"column":3}},"49":{"start":{"line":144,"column":2},"end":{"line":156,"column":3}},"50":{"start":{"line":145,"column":17},"end":{"line":145,"column":65}},"51":{"start":{"line":146,"column":4},"end":{"line":151,"column":7}},"52":{"start":{"line":152,"column":4},"end":{"line":152,"column":43}},"53":{"start":{"line":154,"column":4},"end":{"line":154,"column":58}},"54":{"start":{"line":155,"column":4},"end":{"line":155,"column":65}},"55":{"start":{"line":158,"column":0},"end":{"line":184,"column":3}},"56":{"start":{"line":159,"column":2},"end":{"line":183,"column":3}},"57":{"start":{"line":160,"column":17},"end":{"line":160,"column":73}},"58":{"start":{"line":161,"column":4},"end":{"line":180,"column":5}},"59":{"start":{"line":162,"column":30},"end":{"line":165,"column":7}},"60":{"start":{"line":166,"column":6},"end":{"line":177,"column":7}},"61":{"start":{"line":167,"column":22},"end":{"line":171,"column":9}},"62":{"start":{"line":172,"column":8},"end":{"line":172,"column":35}},"63":{"start":{"line":173,"column":8},"end":{"line":173,"column":29}},"64":{"start":{"line":174,"column":8},"end":{"line":174,"column":77}},"65":{"start":{"line":176,"column":8},"end":{"line":176,"column":69}},"66":{"start":{"line":179,"column":6},"end":{"line":179,"column":54}},"67":{"start":{"line":182,"column":4},"end":{"line":182,"column":56}},"68":{"start":{"line":187,"column":0},"end":{"line":223,"column":3}},"69":{"start":{"line":188,"column":2},"end":{"line":222,"column":3}},"70":{"start":{"line":189,"column":36},"end":{"line":189,"column":44}},"71":{"start":{"line":192,"column":4},"end":{"line":199,"column":5}},"72":{"start":{"line":198,"column":6},"end":{"line":198,"column":70}},"73":{"start":{"line":202,"column":4},"end":{"line":202,"column":42}},"74":{"start":{"line":205,"column":20},"end":{"line":207,"column":6}},"75":{"start":{"line":210,"column":25},"end":{"line":214,"column":7}},"76":{"start":{"line":210,"column":46},"end":{"line":214,"column":5}},"77":{"start":{"line":216,"column":4},"end":{"line":216,"column":40}},"78":{"start":{"line":218,"column":4},"end":{"line":218,"column":64}},"79":{"start":{"line":220,"column":4},"end":{"line":220,"column":50}},"80":{"start":{"line":221,"column":4},"end":{"line":221,"column":69}},"81":{"start":{"line":227,"column":0},"end":{"line":239,"column":3}},"82":{"start":{"line":228,"column":2},"end":{"line":238,"column":3}},"83":{"start":{"line":229,"column":29},"end":{"line":229,"column":38}},"84":{"start":{"line":230,"column":28},"end":{"line":230,"column":78}},"85":{"start":{"line":231,"column":4},"end":{"line":233,"column":5}},"86":{"start":{"line":232,"column":6},"end":{"line":232,"column":40}},"87":{"start":{"line":234,"column":4},"end":{"line":234,"column":39}},"88":{"start":{"line":236,"column":4},"end":{"line":236,"column":55}},"89":{"start":{"line":237,"column":4},"end":{"line":237,"column":59}},"90":{"start":{"line":242,"column":0},"end":{"line":269,"column":3}},"91":{"start":{"line":243,"column":2},"end":{"line":268,"column":3}},"92":{"start":{"line":244,"column":21},"end":{"line":249,"column":6}},"93":{"start":{"line":252,"column":30},"end":{"line":262,"column":7}},"94":{"start":{"line":252,"column":57},"end":{"line":262,"column":5}},"95":{"start":{"line":256,"column":24},"end":{"line":259,"column":9}},"96":{"start":{"line":264,"column":4},"end":{"line":264,"column":32}},"97":{"start":{"line":266,"column":4},"end":{"line":266,"column":51}},"98":{"start":{"line":267,"column":4},"end":{"line":267,"column":52}},"99":{"start":{"line":271,"column":0},"end":{"line":274,"column":3}},"100":{"start":{"line":272,"column":2},"end":{"line":272,"column":27}},"101":{"start":{"line":273,"column":2},"end":{"line":273,"column":41}},"102":{"start":{"line":279,"column":0},"end":{"line":309,"column":3}},"103":{"start":{"line":280,"column":2},"end":{"line":308,"column":3}},"104":{"start":{"line":281,"column":19},"end":{"line":281,"column":29}},"105":{"start":{"line":282,"column":22},"end":{"line":282,"column":30}},"106":{"start":{"line":283,"column":20},"end":{"line":283,"column":46}},"107":{"start":{"line":284,"column":4},"end":{"line":286,"column":5}},"108":{"start":{"line":285,"column":6},"end":{"line":285,"column":66}},"109":{"start":{"line":288,"column":4},"end":{"line":302,"column":5}},"110":{"start":{"line":289,"column":6},"end":{"line":289,"column":56}},"111":{"start":{"line":290,"column":6},"end":{"line":290,"column":44}},"112":{"start":{"line":293,"column":27},"end":{"line":297,"column":9}},"113":{"start":{"line":293,"column":48},"end":{"line":297,"column":7}},"114":{"start":{"line":299,"column":6},"end":{"line":299,"column":46}},"115":{"start":{"line":300,"column":6},"end":{"line":300,"column":42}},"116":{"start":{"line":301,"column":6},"end":{"line":301,"column":39}},"117":{"start":{"line":304,"column":4},"end":{"line":304,"column":70}},"118":{"start":{"line":306,"column":4},"end":{"line":306,"column":56}},"119":{"start":{"line":307,"column":4},"end":{"line":307,"column":75}},"120":{"start":{"line":311,"column":0},"end":{"line":327,"column":3}},"121":{"start":{"line":312,"column":2},"end":{"line":326,"column":3}},"122":{"start":{"line":313,"column":19},"end":{"line":313,"column":29}},"123":{"start":{"line":315,"column":20},"end":{"line":315,"column":46}},"124":{"start":{"line":316,"column":4},"end":{"line":318,"column":5}},"125":{"start":{"line":317,"column":6},"end":{"line":317,"column":66}},"126":{"start":{"line":320,"column":4},"end":{"line":320,"column":54}},"127":{"start":{"line":321,"column":4},"end":{"line":321,"column":28}},"128":{"start":{"line":323,"column":4},"end":{"line":323,"column":64}},"129":{"start":{"line":325,"column":4},"end":{"line":325,"column":69}},"130":{"start":{"line":330,"column":0},"end":{"line":347,"column":3}},"131":{"start":{"line":331,"column":2},"end":{"line":346,"column":3}},"132":{"start":{"line":333,"column":21},"end":{"line":340,"column":6}},"133":{"start":{"line":342,"column":4},"end":{"line":342,"column":23}},"134":{"start":{"line":344,"column":4},"end":{"line":344,"column":51}},"135":{"start":{"line":345,"column":4},"end":{"line":345,"column":64}},"136":{"start":{"line":350,"column":0},"end":{"line":373,"column":3}},"137":{"start":{"line":351,"column":2},"end":{"line":372,"column":3}},"138":{"start":{"line":352,"column":28},"end":{"line":352,"column":38}},"139":{"start":{"line":354,"column":29},"end":{"line":360,"column":6}},"140":{"start":{"line":363,"column":21},"end":{"line":366,"column":7}},"141":{"start":{"line":363,"column":51},"end":{"line":366,"column":5}},"142":{"start":{"line":368,"column":4},"end":{"line":368,"column":23}},"143":{"start":{"line":370,"column":4},"end":{"line":370,"column":67}},"144":{"start":{"line":371,"column":4},"end":{"line":371,"column":61}},"145":{"start":{"line":375,"column":0},"end":{"line":383,"column":3}},"146":{"start":{"line":376,"column":2},"end":{"line":382,"column":3}},"147":{"start":{"line":377,"column":18},"end":{"line":377,"column":38}},"148":{"start":{"line":378,"column":4},"end":{"line":378,"column":20}},"149":{"start":{"line":380,"column":4},"end":{"line":380,"column":48}},"150":{"start":{"line":381,"column":4},"end":{"line":381,"column":61}},"151":{"start":{"line":385,"column":0},"end":{"line":398,"column":3}},"152":{"start":{"line":386,"column":2},"end":{"line":397,"column":3}},"153":{"start":{"line":387,"column":15},"end":{"line":387,"column":28}},"154":{"start":{"line":388,"column":18},"end":{"line":392,"column":6}},"155":{"start":{"line":393,"column":4},"end":{"line":393,"column":20}},"156":{"start":{"line":395,"column":4},"end":{"line":395,"column":48}},"157":{"start":{"line":396,"column":4},"end":{"line":396,"column":61}},"158":{"start":{"line":401,"column":0},"end":{"line":433,"column":3}},"159":{"start":{"line":402,"column":2},"end":{"line":432,"column":3}},"160":{"start":{"line":403,"column":46},"end":{"line":403,"column":54}},"161":{"start":{"line":406,"column":20},"end":{"line":406,"column":54}},"162":{"start":{"line":407,"column":25},"end":{"line":412,"column":6}},"163":{"start":{"line":413,"column":4},"end":{"line":413,"column":30}},"164":{"start":{"line":414,"column":4},"end":{"line":416,"column":5}},"165":{"start":{"line":415,"column":6},"end":{"line":415,"column":74}},"166":{"start":{"line":418,"column":4},"end":{"line":423,"column":7}},"167":{"start":{"line":425,"column":4},"end":{"line":428,"column":7}},"168":{"start":{"line":430,"column":4},"end":{"line":430,"column":51}},"169":{"start":{"line":431,"column":4},"end":{"line":431,"column":70}},"170":{"start":{"line":435,"column":0},"end":{"line":473,"column":3}},"171":{"start":{"line":436,"column":2},"end":{"line":472,"column":3}},"172":{"start":{"line":437,"column":77},"end":{"line":437,"column":85}},"173":{"start":{"line":439,"column":20},"end":{"line":439,"column":54}},"174":{"start":{"line":440,"column":25},"end":{"line":446,"column":6}},"175":{"start":{"line":447,"column":4},"end":{"line":449,"column":5}},"176":{"start":{"line":448,"column":6},"end":{"line":448,"column":74}},"177":{"start":{"line":451,"column":23},"end":{"line":460,"column":6}},"178":{"start":{"line":462,"column":4},"end":{"line":462,"column":27}},"179":{"start":{"line":464,"column":4},"end":{"line":468,"column":7}},"180":{"start":{"line":470,"column":4},"end":{"line":470,"column":50}},"181":{"start":{"line":471,"column":4},"end":{"line":471,"column":69}},"182":{"start":{"line":476,"column":0},"end":{"line":595,"column":3}},"183":{"start":{"line":477,"column":2},"end":{"line":594,"column":3}},"184":{"start":{"line":478,"column":22},"end":{"line":478,"column":35}},"185":{"start":{"line":481,"column":20},"end":{"line":481,"column":53}},"186":{"start":{"line":483,"column":4},"end":{"line":485,"column":5}},"187":{"start":{"line":484,"column":6},"end":{"line":484,"column":66}},"188":{"start":{"line":490,"column":4},"end":{"line":590,"column":5}},"189":{"start":{"line":492,"column":8},"end":{"line":500,"column":10}},"190":{"start":{"line":502,"column":8},"end":{"line":512,"column":9}},"191":{"start":{"line":503,"column":10},"end":{"line":503,"column":62}},"192":{"start":{"line":504,"column":10},"end":{"line":507,"column":13}},"193":{"start":{"line":509,"column":10},"end":{"line":511,"column":64}},"194":{"start":{"line":515,"column":24},"end":{"line":520,"column":10}},"195":{"start":{"line":521,"column":21},"end":{"line":521,"column":79}},"196":{"start":{"line":523,"column":8},"end":{"line":527,"column":9}},"197":{"start":{"line":524,"column":10},"end":{"line":526,"column":68}},"198":{"start":{"line":529,"column":8},"end":{"line":531,"column":9}},"199":{"start":{"line":530,"column":10},"end":{"line":530,"column":74}},"200":{"start":{"line":534,"column":25},"end":{"line":534,"column":67}},"201":{"start":{"line":535,"column":23},"end":{"line":535,"column":42}},"202":{"start":{"line":538,"column":8},"end":{"line":543,"column":11}},"203":{"start":{"line":546,"column":8},"end":{"line":555,"column":11}},"204":{"start":{"line":558,"column":8},"end":{"line":558,"column":60}},"205":{"start":{"line":560,"column":8},"end":{"line":563,"column":11}},"206":{"start":{"line":566,"column":8},"end":{"line":571,"column":11}},"207":{"start":{"line":572,"column":25},"end":{"line":572,"column":65}},"208":{"start":{"line":573,"column":25},"end":{"line":573,"column":67}},"209":{"start":{"line":576,"column":8},"end":{"line":578,"column":9}},"210":{"start":{"line":577,"column":10},"end":{"line":577,"column":85}},"211":{"start":{"line":581,"column":8},"end":{"line":581,"column":60}},"212":{"start":{"line":583,"column":8},"end":{"line":586,"column":11}},"213":{"start":{"line":589,"column":8},"end":{"line":589,"column":71}},"214":{"start":{"line":592,"column":4},"end":{"line":592,"column":51}},"215":{"start":{"line":593,"column":4},"end":{"line":593,"column":70}},"216":{"start":{"line":599,"column":0},"end":{"line":612,"column":3}},"217":{"start":{"line":600,"column":2},"end":{"line":611,"column":3}},"218":{"start":{"line":601,"column":15},"end":{"line":601,"column":28}},"219":{"start":{"line":602,"column":19},"end":{"line":602,"column":59}},"220":{"start":{"line":603,"column":4},"end":{"line":607,"column":5}},"221":{"start":{"line":604,"column":6},"end":{"line":604,"column":59}},"222":{"start":{"line":606,"column":6},"end":{"line":606,"column":60}},"223":{"start":{"line":609,"column":4},"end":{"line":609,"column":52}},"224":{"start":{"line":610,"column":4},"end":{"line":610,"column":65}},"225":{"start":{"line":614,"column":0},"end":{"line":622,"column":3}},"226":{"start":{"line":615,"column":2},"end":{"line":621,"column":3}},"227":{"start":{"line":616,"column":21},"end":{"line":616,"column":44}},"228":{"start":{"line":617,"column":4},"end":{"line":617,"column":30}},"229":{"start":{"line":619,"column":4},"end":{"line":619,"column":51}},"230":{"start":{"line":620,"column":4},"end":{"line":620,"column":70}},"231":{"start":{"line":626,"column":0},"end":{"line":663,"column":3}},"232":{"start":{"line":627,"column":2},"end":{"line":662,"column":3}},"233":{"start":{"line":628,"column":26},"end":{"line":628,"column":36}},"234":{"start":{"line":629,"column":4},"end":{"line":629,"column":29}},"235":{"start":{"line":630,"column":21},"end":{"line":640,"column":4}},"236":{"start":{"line":642,"column":2},"end":{"line":644,"column":3}},"237":{"start":{"line":643,"column":4},"end":{"line":643,"column":64}},"238":{"start":{"line":647,"column":23},"end":{"line":655,"column":5}},"239":{"start":{"line":647,"column":48},"end":{"line":655,"column":3}},"240":{"start":{"line":657,"column":4},"end":{"line":657,"column":26}},"241":{"start":{"line":658,"column":4},"end":{"line":658,"column":34}},"242":{"start":{"line":660,"column":4},"end":{"line":660,"column":51}},"243":{"start":{"line":661,"column":4},"end":{"line":661,"column":70}},"244":{"start":{"line":666,"column":0},"end":{"line":703,"column":3}},"245":{"start":{"line":667,"column":2},"end":{"line":702,"column":3}},"246":{"start":{"line":668,"column":19},"end":{"line":668,"column":29}},"247":{"start":{"line":671,"column":29},"end":{"line":673,"column":6}},"248":{"start":{"line":674,"column":21},"end":{"line":674,"column":44}},"249":{"start":{"line":675,"column":4},"end":{"line":677,"column":5}},"250":{"start":{"line":676,"column":6},"end":{"line":676,"column":67}},"251":{"start":{"line":678,"column":25},"end":{"line":678,"column":38}},"252":{"start":{"line":680,"column":4},"end":{"line":690,"column":6}},"253":{"start":{"line":682,"column":8},"end":{"line":688,"column":10}},"254":{"start":{"line":693,"column":4},"end":{"line":693,"column":42}},"255":{"start":{"line":696,"column":4},"end":{"line":696,"column":66}},"256":{"start":{"line":698,"column":4},"end":{"line":698,"column":58}},"257":{"start":{"line":700,"column":4},"end":{"line":700,"column":51}},"258":{"start":{"line":701,"column":4},"end":{"line":701,"column":52}},"259":{"start":{"line":705,"column":0},"end":{"line":721,"column":3}},"260":{"start":{"line":706,"column":2},"end":{"line":720,"column":3}},"261":{"start":{"line":707,"column":22},"end":{"line":710,"column":6}},"262":{"start":{"line":712,"column":4},"end":{"line":716,"column":5}},"263":{"start":{"line":713,"column":6},"end":{"line":713,"column":33}},"264":{"start":{"line":715,"column":6},"end":{"line":715,"column":67}},"265":{"start":{"line":718,"column":4},"end":{"line":718,"column":52}},"266":{"start":{"line":719,"column":4},"end":{"line":719,"column":59}},"267":{"start":{"line":724,"column":0},"end":{"line":765,"column":3}},"268":{"start":{"line":725,"column":2},"end":{"line":764,"column":3}},"269":{"start":{"line":726,"column":28},"end":{"line":726,"column":38}},"270":{"start":{"line":728,"column":21},"end":{"line":731,"column":6}},"271":{"start":{"line":733,"column":4},"end":{"line":735,"column":5}},"272":{"start":{"line":734,"column":6},"end":{"line":734,"column":67}},"273":{"start":{"line":737,"column":21},"end":{"line":746,"column":6}},"274":{"start":{"line":748,"column":25},"end":{"line":758,"column":5}},"275":{"start":{"line":752,"column":52},"end":{"line":757,"column":7}},"276":{"start":{"line":760,"column":4},"end":{"line":760,"column":34}},"277":{"start":{"line":762,"column":4},"end":{"line":762,"column":59}},"278":{"start":{"line":763,"column":4},"end":{"line":763,"column":78}},"279":{"start":{"line":767,"column":0},"end":{"line":785,"column":2}},"280":{"start":{"line":770,"column":40},"end":{"line":770,"column":50}},"281":{"start":{"line":771,"column":4},"end":{"line":783,"column":5}},"282":{"start":{"line":772,"column":30},"end":{"line":774,"column":8}},"283":{"start":{"line":775,"column":6},"end":{"line":779,"column":7}},"284":{"start":{"line":776,"column":8},"end":{"line":776,"column":59}},"285":{"start":{"line":778,"column":8},"end":{"line":778,"column":79}},"286":{"start":{"line":781,"column":6},"end":{"line":781,"column":59}},"287":{"start":{"line":782,"column":6},"end":{"line":782,"column":70}},"288":{"start":{"line":787,"column":0},"end":{"line":804,"column":3}},"289":{"start":{"line":788,"column":58},"end":{"line":788,"column":66}},"290":{"start":{"line":789,"column":2},"end":{"line":803,"column":3}},"291":{"start":{"line":790,"column":22},"end":{"line":793,"column":5}},"292":{"start":{"line":795,"column":4},"end":{"line":799,"column":5}},"293":{"start":{"line":796,"column":6},"end":{"line":796,"column":38}},"294":{"start":{"line":798,"column":6},"end":{"line":798,"column":73}},"295":{"start":{"line":801,"column":4},"end":{"line":801,"column":57}},"296":{"start":{"line":802,"column":4},"end":{"line":802,"column":69}},"297":{"start":{"line":806,"column":0},"end":{"line":829,"column":3}},"298":{"start":{"line":807,"column":2},"end":{"line":828,"column":3}},"299":{"start":{"line":808,"column":34},"end":{"line":808,"column":44}},"300":{"start":{"line":811,"column":17},"end":{"line":813,"column":6}},"301":{"start":{"line":815,"column":4},"end":{"line":815,"column":39}},"302":{"start":{"line":817,"column":4},"end":{"line":821,"column":5}},"303":{"start":{"line":818,"column":6},"end":{"line":820,"column":71}},"304":{"start":{"line":824,"column":4},"end":{"line":824,"column":42}},"305":{"start":{"line":826,"column":4},"end":{"line":826,"column":56}},"306":{"start":{"line":827,"column":4},"end":{"line":827,"column":63}},"307":{"start":{"line":833,"column":0},"end":{"line":866,"column":3}},"308":{"start":{"line":834,"column":2},"end":{"line":865,"column":3}},"309":{"start":{"line":835,"column":40},"end":{"line":835,"column":48}},"310":{"start":{"line":838,"column":20},"end":{"line":840,"column":6}},"311":{"start":{"line":841,"column":17},"end":{"line":841,"column":67}},"312":{"start":{"line":842,"column":4},"end":{"line":846,"column":5}},"313":{"start":{"line":843,"column":6},"end":{"line":845,"column":64}},"314":{"start":{"line":847,"column":4},"end":{"line":849,"column":5}},"315":{"start":{"line":848,"column":6},"end":{"line":848,"column":79}},"316":{"start":{"line":853,"column":4},"end":{"line":859,"column":7}},"317":{"start":{"line":861,"column":4},"end":{"line":861,"column":65}},"318":{"start":{"line":863,"column":4},"end":{"line":863,"column":51}},"319":{"start":{"line":864,"column":4},"end":{"line":864,"column":70}},"320":{"start":{"line":869,"column":0},"end":{"line":887,"column":3}},"321":{"start":{"line":870,"column":2},"end":{"line":886,"column":3}},"322":{"start":{"line":871,"column":27},"end":{"line":871,"column":37}},"323":{"start":{"line":874,"column":20},"end":{"line":876,"column":6}},"324":{"start":{"line":878,"column":4},"end":{"line":882,"column":5}},"325":{"start":{"line":879,"column":6},"end":{"line":879,"column":66}},"326":{"start":{"line":881,"column":6},"end":{"line":881,"column":66}},"327":{"start":{"line":884,"column":4},"end":{"line":884,"column":50}},"328":{"start":{"line":885,"column":4},"end":{"line":885,"column":69}},"329":{"start":{"line":889,"column":0},"end":{"line":896,"column":3}},"330":{"start":{"line":890,"column":2},"end":{"line":895,"column":3}},"331":{"start":{"line":891,"column":21},"end":{"line":891,"column":44}},"332":{"start":{"line":892,"column":4},"end":{"line":892,"column":23}},"333":{"start":{"line":894,"column":4},"end":{"line":894,"column":68}},"334":{"start":{"line":898,"column":0},"end":{"line":908,"column":3}},"335":{"start":{"line":899,"column":2},"end":{"line":899,"column":41}},"336":{"start":{"line":902,"column":2},"end":{"line":907,"column":66}},"337":{"start":{"line":905,"column":6},"end":{"line":905,"column":48}},"338":{"start":{"line":907,"column":20},"end":{"line":907,"column":64}}},"fnMap":{"0":{"name":"(anonymous_0)","decl":{"start":{"line":53,"column":20},"end":{"line":53,"column":21}},"loc":{"start":{"line":53,"column":32},"end":{"line":71,"column":1}},"line":53},"1":{"name":"(anonymous_1)","decl":{"start":{"line":76,"column":19},"end":{"line":76,"column":20}},"loc":{"start":{"line":76,"column":39},"end":{"line":95,"column":1}},"line":76},"2":{"name":"(anonymous_2)","decl":{"start":{"line":84,"column":40},"end":{"line":84,"column":41}},"loc":{"start":{"line":84,"column":58},"end":{"line":93,"column":5}},"line":84},"3":{"name":"(anonymous_3)","decl":{"start":{"line":98,"column":20},"end":{"line":98,"column":21}},"loc":{"start":{"line":98,"column":46},"end":{"line":113,"column":1}},"line":98},"4":{"name":"(anonymous_4)","decl":{"start":{"line":119,"column":25},"end":{"line":119,"column":26}},"loc":{"start":{"line":119,"column":39},"end":{"line":124,"column":1}},"line":119},"5":{"name":"(anonymous_5)","decl":{"start":{"line":126,"column":47},"end":{"line":126,"column":48}},"loc":{"start":{"line":126,"column":67},"end":{"line":142,"column":1}},"line":126},"6":{"name":"(anonymous_6)","decl":{"start":{"line":143,"column":22},"end":{"line":143,"column":23}},"loc":{"start":{"line":143,"column":42},"end":{"line":157,"column":1}},"line":143},"7":{"name":"(anonymous_7)","decl":{"start":{"line":158,"column":19},"end":{"line":158,"column":20}},"loc":{"start":{"line":158,"column":39},"end":{"line":184,"column":1}},"line":158},"8":{"name":"(anonymous_8)","decl":{"start":{"line":187,"column":52},"end":{"line":187,"column":53}},"loc":{"start":{"line":187,"column":72},"end":{"line":223,"column":1}},"line":187},"9":{"name":"(anonymous_9)","decl":{"start":{"line":210,"column":35},"end":{"line":210,"column":36}},"loc":{"start":{"line":210,"column":46},"end":{"line":214,"column":5}},"line":210},"10":{"name":"(anonymous_10)","decl":{"start":{"line":227,"column":25},"end":{"line":227,"column":26}},"loc":{"start":{"line":227,"column":45},"end":{"line":239,"column":1}},"line":227},"11":{"name":"(anonymous_11)","decl":{"start":{"line":242,"column":24},"end":{"line":242,"column":25}},"loc":{"start":{"line":242,"column":44},"end":{"line":269,"column":1}},"line":242},"12":{"name":"(anonymous_12)","decl":{"start":{"line":252,"column":43},"end":{"line":252,"column":44}},"loc":{"start":{"line":252,"column":57},"end":{"line":262,"column":5}},"line":252},"13":{"name":"(anonymous_13)","decl":{"start":{"line":256,"column":8},"end":{"line":256,"column":9}},"loc":{"start":{"line":256,"column":24},"end":{"line":259,"column":9}},"line":256},"14":{"name":"(anonymous_14)","decl":{"start":{"line":271,"column":19},"end":{"line":271,"column":20}},"loc":{"start":{"line":271,"column":33},"end":{"line":274,"column":1}},"line":271},"15":{"name":"(anonymous_15)","decl":{"start":{"line":279,"column":30},"end":{"line":279,"column":31}},"loc":{"start":{"line":279,"column":50},"end":{"line":309,"column":1}},"line":279},"16":{"name":"(anonymous_16)","decl":{"start":{"line":293,"column":37},"end":{"line":293,"column":38}},"loc":{"start":{"line":293,"column":48},"end":{"line":297,"column":7}},"line":293},"17":{"name":"(anonymous_17)","decl":{"start":{"line":311,"column":58},"end":{"line":311,"column":59}},"loc":{"start":{"line":311,"column":78},"end":{"line":327,"column":1}},"line":311},"18":{"name":"(anonymous_18)","decl":{"start":{"line":330,"column":21},"end":{"line":330,"column":22}},"loc":{"start":{"line":330,"column":41},"end":{"line":347,"column":1}},"line":330},"19":{"name":"(anonymous_19)","decl":{"start":{"line":350,"column":34},"end":{"line":350,"column":35}},"loc":{"start":{"line":350,"column":54},"end":{"line":373,"column":1}},"line":350},"20":{"name":"(anonymous_20)","decl":{"start":{"line":363,"column":42},"end":{"line":363,"column":43}},"loc":{"start":{"line":363,"column":51},"end":{"line":366,"column":5}},"line":363},"21":{"name":"(anonymous_21)","decl":{"start":{"line":375,"column":18},"end":{"line":375,"column":19}},"loc":{"start":{"line":375,"column":38},"end":{"line":383,"column":1}},"line":375},"22":{"name":"(anonymous_22)","decl":{"start":{"line":385,"column":22},"end":{"line":385,"column":23}},"loc":{"start":{"line":385,"column":42},"end":{"line":398,"column":1}},"line":385},"23":{"name":"(anonymous_23)","decl":{"start":{"line":401,"column":49},"end":{"line":401,"column":50}},"loc":{"start":{"line":401,"column":69},"end":{"line":433,"column":1}},"line":401},"24":{"name":"(anonymous_24)","decl":{"start":{"line":435,"column":22},"end":{"line":435,"column":23}},"loc":{"start":{"line":435,"column":42},"end":{"line":473,"column":1}},"line":435},"25":{"name":"(anonymous_25)","decl":{"start":{"line":476,"column":33},"end":{"line":476,"column":34}},"loc":{"start":{"line":476,"column":53},"end":{"line":595,"column":1}},"line":476},"26":{"name":"(anonymous_26)","decl":{"start":{"line":599,"column":28},"end":{"line":599,"column":29}},"loc":{"start":{"line":599,"column":48},"end":{"line":612,"column":1}},"line":599},"27":{"name":"(anonymous_27)","decl":{"start":{"line":614,"column":21},"end":{"line":614,"column":22}},"loc":{"start":{"line":614,"column":41},"end":{"line":622,"column":1}},"line":614},"28":{"name":"(anonymous_28)","decl":{"start":{"line":626,"column":34},"end":{"line":626,"column":35}},"loc":{"start":{"line":626,"column":54},"end":{"line":663,"column":1}},"line":626},"29":{"name":"(anonymous_29)","decl":{"start":{"line":647,"column":36},"end":{"line":647,"column":37}},"loc":{"start":{"line":647,"column":48},"end":{"line":655,"column":3}},"line":647},"30":{"name":"(anonymous_30)","decl":{"start":{"line":666,"column":53},"end":{"line":666,"column":54}},"loc":{"start":{"line":666,"column":73},"end":{"line":703,"column":1}},"line":666},"31":{"name":"(anonymous_31)","decl":{"start":{"line":681,"column":27},"end":{"line":681,"column":28}},"loc":{"start":{"line":682,"column":8},"end":{"line":688,"column":10}},"line":682},"32":{"name":"(anonymous_32)","decl":{"start":{"line":705,"column":47},"end":{"line":705,"column":48}},"loc":{"start":{"line":705,"column":67},"end":{"line":721,"column":1}},"line":705},"33":{"name":"(anonymous_33)","decl":{"start":{"line":724,"column":34},"end":{"line":724,"column":35}},"loc":{"start":{"line":724,"column":54},"end":{"line":765,"column":1}},"line":724},"34":{"name":"(anonymous_34)","decl":{"start":{"line":752,"column":38},"end":{"line":752,"column":39}},"loc":{"start":{"line":752,"column":52},"end":{"line":757,"column":7}},"line":752},"35":{"name":"(anonymous_35)","decl":{"start":{"line":769,"column":2},"end":{"line":769,"column":3}},"loc":{"start":{"line":769,"column":22},"end":{"line":784,"column":3}},"line":769},"36":{"name":"(anonymous_36)","decl":{"start":{"line":787,"column":36},"end":{"line":787,"column":37}},"loc":{"start":{"line":787,"column":56},"end":{"line":804,"column":1}},"line":787},"37":{"name":"(anonymous_37)","decl":{"start":{"line":806,"column":45},"end":{"line":806,"column":46}},"loc":{"start":{"line":806,"column":65},"end":{"line":829,"column":1}},"line":806},"38":{"name":"(anonymous_38)","decl":{"start":{"line":833,"column":33},"end":{"line":833,"column":34}},"loc":{"start":{"line":833,"column":53},"end":{"line":866,"column":1}},"line":833},"39":{"name":"(anonymous_39)","decl":{"start":{"line":869,"column":57},"end":{"line":869,"column":58}},"loc":{"start":{"line":869,"column":77},"end":{"line":887,"column":1}},"line":869},"40":{"name":"(anonymous_40)","decl":{"start":{"line":889,"column":21},"end":{"line":889,"column":22}},"loc":{"start":{"line":889,"column":41},"end":{"line":896,"column":1}},"line":889},"41":{"name":"(anonymous_41)","decl":{"start":{"line":898,"column":17},"end":{"line":898,"column":18}},"loc":{"start":{"line":898,"column":23},"end":{"line":908,"column":1}},"line":898},"42":{"name":"(anonymous_42)","decl":{"start":{"line":904,"column":10},"end":{"line":904,"column":11}},"loc":{"start":{"line":904,"column":16},"end":{"line":906,"column":5}},"line":904},"43":{"name":"(anonymous_43)","decl":{"start":{"line":907,"column":11},"end":{"line":907,"column":12}},"loc":{"start":{"line":907,"column":20},"end":{"line":907,"column":64}},"line":907}},"branchMap":{"0":{"loc":{"start":{"line":78,"column":2},"end":{"line":94,"column":3}},"type":"if","locations":[{"start":{"line":78,"column":2},"end":{"line":94,"column":3}},{"start":{"line":83,"column":9},"end":{"line":94,"column":3}}],"line":78},"1":{"loc":{"start":{"line":85,"column":6},"end":{"line":92,"column":7}},"type":"if","locations":[{"start":{"line":85,"column":6},"end":{"line":92,"column":7}},{"start":{"line":87,"column":13},"end":{"line":92,"column":7}}],"line":85},"2":{"loc":{"start":{"line":103,"column":4},"end":{"line":108,"column":5}},"type":"if","locations":[{"start":{"line":103,"column":4},"end":{"line":108,"column":5}},{"start":{"line":105,"column":11},"end":{"line":108,"column":5}}],"line":103},"3":{"loc":{"start":{"line":103,"column":8},"end":{"line":103,"column":37}},"type":"binary-expr","locations":[{"start":{"line":103,"column":8},"end":{"line":103,"column":12}},{"start":{"line":103,"column":16},"end":{"line":103,"column":37}}],"line":103},"4":{"loc":{"start":{"line":133,"column":4},"end":{"line":137,"column":5}},"type":"if","locations":[{"start":{"line":133,"column":4},"end":{"line":137,"column":5}},{"start":{"line":135,"column":11},"end":{"line":137,"column":5}}],"line":133},"5":{"loc":{"start":{"line":161,"column":4},"end":{"line":180,"column":5}},"type":"if","locations":[{"start":{"line":161,"column":4},"end":{"line":180,"column":5}},{"start":{"line":178,"column":11},"end":{"line":180,"column":5}}],"line":161},"6":{"loc":{"start":{"line":166,"column":6},"end":{"line":177,"column":7}},"type":"if","locations":[{"start":{"line":166,"column":6},"end":{"line":177,"column":7}},{"start":{"line":175,"column":13},"end":{"line":177,"column":7}}],"line":166},"7":{"loc":{"start":{"line":192,"column":4},"end":{"line":199,"column":5}},"type":"if","locations":[{"start":{"line":192,"column":4},"end":{"line":199,"column":5}},{"start":{},"end":{}}],"line":192},"8":{"loc":{"start":{"line":193,"column":6},"end":{"line":196,"column":24}},"type":"binary-expr","locations":[{"start":{"line":193,"column":6},"end":{"line":193,"column":19}},{"start":{"line":194,"column":6},"end":{"line":194,"column":12}},{"start":{"line":195,"column":6},"end":{"line":195,"column":27}},{"start":{"line":196,"column":6},"end":{"line":196,"column":24}}],"line":193},"9":{"loc":{"start":{"line":231,"column":4},"end":{"line":233,"column":5}},"type":"if","locations":[{"start":{"line":231,"column":4},"end":{"line":233,"column":5}},{"start":{},"end":{}}],"line":231},"10":{"loc":{"start":{"line":284,"column":4},"end":{"line":286,"column":5}},"type":"if","locations":[{"start":{"line":284,"column":4},"end":{"line":286,"column":5}},{"start":{},"end":{}}],"line":284},"11":{"loc":{"start":{"line":288,"column":4},"end":{"line":302,"column":5}},"type":"if","locations":[{"start":{"line":288,"column":4},"end":{"line":302,"column":5}},{"start":{},"end":{}}],"line":288},"12":{"loc":{"start":{"line":288,"column":8},"end":{"line":288,"column":37}},"type":"binary-expr","locations":[{"start":{"line":288,"column":8},"end":{"line":288,"column":13}},{"start":{"line":288,"column":17},"end":{"line":288,"column":37}}],"line":288},"13":{"loc":{"start":{"line":316,"column":4},"end":{"line":318,"column":5}},"type":"if","locations":[{"start":{"line":316,"column":4},"end":{"line":318,"column":5}},{"start":{},"end":{}}],"line":316},"14":{"loc":{"start":{"line":414,"column":4},"end":{"line":416,"column":5}},"type":"if","locations":[{"start":{"line":414,"column":4},"end":{"line":416,"column":5}},{"start":{},"end":{}}],"line":414},"15":{"loc":{"start":{"line":414,"column":8},"end":{"line":414,"column":33}},"type":"binary-expr","locations":[{"start":{"line":414,"column":8},"end":{"line":414,"column":16}},{"start":{"line":414,"column":20},"end":{"line":414,"column":33}}],"line":414},"16":{"loc":{"start":{"line":447,"column":4},"end":{"line":449,"column":5}},"type":"if","locations":[{"start":{"line":447,"column":4},"end":{"line":449,"column":5}},{"start":{},"end":{}}],"line":447},"17":{"loc":{"start":{"line":447,"column":8},"end":{"line":447,"column":33}},"type":"binary-expr","locations":[{"start":{"line":447,"column":8},"end":{"line":447,"column":16}},{"start":{"line":447,"column":20},"end":{"line":447,"column":33}}],"line":447},"18":{"loc":{"start":{"line":483,"column":4},"end":{"line":485,"column":5}},"type":"if","locations":[{"start":{"line":483,"column":4},"end":{"line":485,"column":5}},{"start":{},"end":{}}],"line":483},"19":{"loc":{"start":{"line":490,"column":4},"end":{"line":590,"column":5}},"type":"switch","locations":[{"start":{"line":491,"column":6},"end":{"line":512,"column":9}},{"start":{"line":514,"column":6},"end":{"line":563,"column":11}},{"start":{"line":565,"column":6},"end":{"line":586,"column":11}},{"start":{"line":588,"column":6},"end":{"line":589,"column":71}}],"line":490},"20":{"loc":{"start":{"line":502,"column":8},"end":{"line":512,"column":9}},"type":"if","locations":[{"start":{"line":502,"column":8},"end":{"line":512,"column":9}},{"start":{"line":508,"column":15},"end":{"line":512,"column":9}}],"line":502},"21":{"loc":{"start":{"line":523,"column":8},"end":{"line":527,"column":9}},"type":"if","locations":[{"start":{"line":523,"column":8},"end":{"line":527,"column":9}},{"start":{},"end":{}}],"line":523},"22":{"loc":{"start":{"line":529,"column":8},"end":{"line":531,"column":9}},"type":"if","locations":[{"start":{"line":529,"column":8},"end":{"line":531,"column":9}},{"start":{},"end":{}}],"line":529},"23":{"loc":{"start":{"line":534,"column":25},"end":{"line":534,"column":67}},"type":"binary-expr","locations":[{"start":{"line":534,"column":25},"end":{"line":534,"column":41}},{"start":{"line":534,"column":45},"end":{"line":534,"column":67}}],"line":534},"24":{"loc":{"start":{"line":535,"column":23},"end":{"line":535,"column":42}},"type":"binary-expr","locations":[{"start":{"line":535,"column":23},"end":{"line":535,"column":37}},{"start":{"line":535,"column":41},"end":{"line":535,"column":42}}],"line":535},"25":{"loc":{"start":{"line":576,"column":8},"end":{"line":578,"column":9}},"type":"if","locations":[{"start":{"line":576,"column":8},"end":{"line":578,"column":9}},{"start":{},"end":{}}],"line":576},"26":{"loc":{"start":{"line":576,"column":12},"end":{"line":576,"column":32}},"type":"binary-expr","locations":[{"start":{"line":576,"column":12},"end":{"line":576,"column":20}},{"start":{"line":576,"column":24},"end":{"line":576,"column":32}}],"line":576},"27":{"loc":{"start":{"line":603,"column":4},"end":{"line":607,"column":5}},"type":"if","locations":[{"start":{"line":603,"column":4},"end":{"line":607,"column":5}},{"start":{"line":605,"column":11},"end":{"line":607,"column":5}}],"line":603},"28":{"loc":{"start":{"line":642,"column":2},"end":{"line":644,"column":3}},"type":"if","locations":[{"start":{"line":642,"column":2},"end":{"line":644,"column":3}},{"start":{},"end":{}}],"line":642},"29":{"loc":{"start":{"line":642,"column":6},"end":{"line":642,"column":40}},"type":"binary-expr","locations":[{"start":{"line":642,"column":6},"end":{"line":642,"column":15}},{"start":{"line":642,"column":19},"end":{"line":642,"column":40}}],"line":642},"30":{"loc":{"start":{"line":650,"column":18},"end":{"line":650,"column":71}},"type":"cond-expr","locations":[{"start":{"line":650,"column":36},"end":{"line":650,"column":64}},{"start":{"line":650,"column":67},"end":{"line":650,"column":71}}],"line":650},"31":{"loc":{"start":{"line":675,"column":4},"end":{"line":677,"column":5}},"type":"if","locations":[{"start":{"line":675,"column":4},"end":{"line":677,"column":5}},{"start":{},"end":{}}],"line":675},"32":{"loc":{"start":{"line":712,"column":4},"end":{"line":716,"column":5}},"type":"if","locations":[{"start":{"line":712,"column":4},"end":{"line":716,"column":5}},{"start":{"line":714,"column":11},"end":{"line":716,"column":5}}],"line":712},"33":{"loc":{"start":{"line":733,"column":4},"end":{"line":735,"column":5}},"type":"if","locations":[{"start":{"line":733,"column":4},"end":{"line":735,"column":5}},{"start":{},"end":{}}],"line":733},"34":{"loc":{"start":{"line":775,"column":6},"end":{"line":779,"column":7}},"type":"if","locations":[{"start":{"line":775,"column":6},"end":{"line":779,"column":7}},{"start":{"line":777,"column":13},"end":{"line":779,"column":7}}],"line":775},"35":{"loc":{"start":{"line":795,"column":4},"end":{"line":799,"column":5}},"type":"if","locations":[{"start":{"line":795,"column":4},"end":{"line":799,"column":5}},{"start":{"line":797,"column":11},"end":{"line":799,"column":5}}],"line":795},"36":{"loc":{"start":{"line":817,"column":4},"end":{"line":821,"column":5}},"type":"if","locations":[{"start":{"line":817,"column":4},"end":{"line":821,"column":5}},{"start":{},"end":{}}],"line":817},"37":{"loc":{"start":{"line":842,"column":4},"end":{"line":846,"column":5}},"type":"if","locations":[{"start":{"line":842,"column":4},"end":{"line":846,"column":5}},{"start":{},"end":{}}],"line":842},"38":{"loc":{"start":{"line":847,"column":4},"end":{"line":849,"column":5}},"type":"if","locations":[{"start":{"line":847,"column":4},"end":{"line":849,"column":5}},{"start":{},"end":{}}],"line":847},"39":{"loc":{"start":{"line":878,"column":4},"end":{"line":882,"column":5}},"type":"if","locations":[{"start":{"line":878,"column":4},"end":{"line":882,"column":5}},{"start":{"line":880,"column":11},"end":{"line":882,"column":5}}],"line":878}},"s":{"0":1,"1":1,"2":1,"3":1,"4":1,"5":1,"6":1,"7":1,"8":1,"9":1,"10":1,"11":1,"12":1,"13":0,"14":1,"15":1,"16":1,"17":3,"18":3,"19":0,"20":3,"21":3,"22":0,"23":3,"24":3,"25":3,"26":3,"27":1,"28":3,"29":3,"30":3,"31":3,"32":3,"33":3,"34":0,"35":0,"36":0,"37":0,"38":1,"39":0,"40":1,"41":1,"42":1,"43":1,"44":1,"45":0,"46":0,"47":0,"48":1,"49":0,"50":0,"51":0,"52":0,"53":0,"54":0,"55":1,"56":4,"57":4,"58":4,"59":3,"60":3,"61":1,"62":1,"63":1,"64":1,"65":2,"66":1,"67":0,"68":1,"69":1,"70":1,"71":1,"72":0,"73":1,"74":1,"75":1,"76":1,"77":1,"78":1,"79":0,"80":0,"81":1,"82":1,"83":1,"84":1,"85":1,"86":1,"87":0,"88":0,"89":0,"90":1,"91":1,"92":1,"93":1,"94":8,"95":7,"96":1,"97":0,"98":0,"99":1,"100":1,"101":1,"102":1,"103":1,"104":1,"105":1,"106":1,"107":1,"108":0,"109":1,"110":1,"111":1,"112":1,"113":1,"114":1,"115":1,"116":1,"117":1,"118":0,"119":0,"120":1,"121":1,"122":1,"123":1,"124":1,"125":0,"126":1,"127":1,"128":1,"129":0,"130":1,"131":1,"132":1,"133":1,"134":0,"135":0,"136":1,"137":0,"138":0,"139":0,"140":0,"141":0,"142":0,"143":0,"144":0,"145":1,"146":0,"147":0,"148":0,"149":0,"150":0,"151":1,"152":0,"153":0,"154":0,"155":0,"156":0,"157":0,"158":1,"159":0,"160":0,"161":0,"162":0,"163":0,"164":0,"165":0,"166":0,"167":0,"168":0,"169":0,"170":1,"171":3,"172":3,"173":3,"174":3,"175":3,"176":3,"177":0,"178":0,"179":0,"180":0,"181":0,"182":1,"183":1,"184":1,"185":1,"186":1,"187":1,"188":0,"189":0,"190":0,"191":0,"192":0,"193":0,"194":0,"195":0,"196":0,"197":0,"198":0,"199":0,"200":0,"201":0,"202":0,"203":0,"204":0,"205":0,"206":0,"207":0,"208":0,"209":0,"210":0,"211":0,"212":0,"213":0,"214":0,"215":0,"216":1,"217":0,"218":0,"219":0,"220":0,"221":0,"222":0,"223":0,"224":0,"225":1,"226":1,"227":1,"228":1,"229":0,"230":0,"231":1,"232":0,"233":0,"234":0,"235":0,"236":0,"237":0,"238":0,"239":0,"240":0,"241":0,"242":0,"243":0,"244":1,"245":0,"246":0,"247":0,"248":0,"249":0,"250":0,"251":0,"252":0,"253":0,"254":0,"255":0,"256":0,"257":0,"258":0,"259":1,"260":0,"261":0,"262":0,"263":0,"264":0,"265":0,"266":0,"267":1,"268":0,"269":0,"270":0,"271":0,"272":0,"273":0,"274":0,"275":0,"276":0,"277":0,"278":0,"279":1,"280":0,"281":0,"282":0,"283":0,"284":0,"285":0,"286":0,"287":0,"288":1,"289":0,"290":0,"291":0,"292":0,"293":0,"294":0,"295":0,"296":0,"297":1,"298":0,"299":0,"300":0,"301":0,"302":0,"303":0,"304":0,"305":0,"306":0,"307":1,"308":0,"309":0,"310":0,"311":0,"312":0,"313":0,"314":0,"315":0,"316":0,"317":0,"318":0,"319":0,"320":1,"321":0,"322":0,"323":0,"324":0,"325":0,"326":0,"327":0,"328":0,"329":1,"330":1,"331":1,"332":1,"333":0,"334":1,"335":0,"336":0,"337":0,"338":0},"f":{"0":1,"1":3,"2":3,"3":3,"4":0,"5":1,"6":0,"7":4,"8":1,"9":1,"10":1,"11":1,"12":8,"13":7,"14":1,"15":1,"16":1,"17":1,"18":1,"19":0,"20":0,"21":0,"22":0,"23":0,"24":3,"25":1,"26":0,"27":1,"28":0,"29":0,"30":0,"31":0,"32":0,"33":0,"34":0,"35":0,"36":0,"37":0,"38":0,"39":0,"40":1,"41":0,"42":0,"43":0},"b":{"0":[0,3],"1":[0,3],"2":[3,0],"3":[3,3],"4":[1,0],"5":[3,1],"6":[1,2],"7":[0,1],"8":[1,1,1,1],"9":[1,0],"10":[0,1],"11":[1,0],"12":[1,1],"13":[0,1],"14":[0,0],"15":[0,0],"16":[3,0],"17":[3,0],"18":[1,0],"19":[0,0,0,0],"20":[0,0],"21":[0,0],"22":[0,0],"23":[0,0],"24":[0,0],"25":[0,0],"26":[0,0],"27":[0,0],"28":[0,0],"29":[0,0],"30":[0,0],"31":[0,0],"32":[0,0],"33":[0,0],"34":[0,0],"35":[0,0],"36":[0,0],"37":[0,0],"38":[0,0],"39":[0,0]},"_coverageSchema":"1a1c01bbd47fc00a2c39e90264f33305004495a9","hash":"beca6f6b4d4bc5300c01dabe77da3a48741df97e"}
,"C:\\Users\\e032126\\service-provision-app\\server\\models\\Archive.js": {"path":"C:\\Users\\e032126\\service-provision-app\\server\\models\\Archive.js","statementMap":{"0":{"start":{"line":4,"column":16},"end":{"line":35,"column":2}}},"fnMap":{},"branchMap":{},"s":{"0":1},"f":{},"b":{},"_coverageSchema":"1a1c01bbd47fc00a2c39e90264f33305004495a9","hash":"23f6ab4bde292d26af8c466202b2f6bad1aff3cc"}
,"C:\\Users\\e032126\\service-provision-app\\server\\models\\CustomerService.js": {"path":"C:\\Users\\e032126\\service-provision-app\\server\\models\\CustomerService.js","statementMap":{"0":{"start":{"line":6,"column":24},"end":{"line":33,"column":2}},"1":{"start":{"line":36,"column":0},"end":{"line":36,"column":61}},"2":{"start":{"line":37,"column":0},"end":{"line":37,"column":63}},"3":{"start":{"line":39,"column":0},"end":{"line":39,"column":63}},"4":{"start":{"line":40,"column":0},"end":{"line":40,"column":65}}},"fnMap":{},"branchMap":{},"s":{"0":1,"1":1,"2":1,"3":1,"4":1},"f":{},"b":{},"_coverageSchema":"1a1c01bbd47fc00a2c39e90264f33305004495a9","hash":"4343022f4abf83778cb62521494650ed411c74b0"}
,"C:\\Users\\e032126\\service-provision-app\\server\\models\\Plan.js": {"path":"C:\\Users\\e032126\\service-provision-app\\server\\models\\Plan.js","statementMap":{"0":{"start":{"line":5,"column":13},"end":{"line":14,"column":2}},"1":{"start":{"line":17,"column":0},"end":{"line":17,"column":52}},"2":{"start":{"line":18,"column":0},"end":{"line":18,"column":54}}},"fnMap":{},"branchMap":{},"s":{"0":1,"1":1,"2":1},"f":{},"b":{},"_coverageSchema":"1a1c01bbd47fc00a2c39e90264f33305004495a9","hash":"664caee7fbc2c9c9fcfca207576c0cd6bc471d6f"}
,"C:\\Users\\e032126\\service-provision-app\\server\\models\\Request.js": {"path":"C:\\Users\\e032126\\service-provision-app\\server\\models\\Request.js","statementMap":{"0":{"start":{"line":7,"column":16},"end":{"line":51,"column":2}},"1":{"start":{"line":54,"column":0},"end":{"line":54,"column":53}},"2":{"start":{"line":55,"column":0},"end":{"line":55,"column":55}},"3":{"start":{"line":57,"column":0},"end":{"line":57,"column":55}},"4":{"start":{"line":58,"column":0},"end":{"line":58,"column":57}}},"fnMap":{},"branchMap":{},"s":{"0":1,"1":1,"2":1,"3":1,"4":1},"f":{},"b":{},"_coverageSchema":"1a1c01bbd47fc00a2c39e90264f33305004495a9","hash":"a805a774fabe776df0f5d54b4d874dbab7e01fc1"}
,"C:\\Users\\e032126\\service-provision-app\\server\\models\\Service.js": {"path":"C:\\Users\\e032126\\service-provision-app\\server\\models\\Service.js","statementMap":{"0":{"start":{"line":4,"column":16},"end":{"line":11,"column":2}}},"fnMap":{},"branchMap":{},"s":{"0":1},"f":{},"b":{},"_coverageSchema":"1a1c01bbd47fc00a2c39e90264f33305004495a9","hash":"67ef821f96bc0ef244b04fc36ac4cb9e58bd9088"}
,"C:\\Users\\e032126\\service-provision-app\\server\\models\\User.js": {"path":"C:\\Users\\e032126\\service-provision-app\\server\\models\\User.js","statementMap":{"0":{"start":{"line":4,"column":13},"end":{"line":25,"column":2}}},"fnMap":{},"branchMap":{},"s":{"0":1},"f":{},"b":{},"_coverageSchema":"1a1c01bbd47fc00a2c39e90264f33305004495a9","hash":"aa70a981a87c9aaf0302e030bb2c9cf49f580f2a"}
,"C:\\Users\\e032126\\service-provision-app\\server\\models\\index.js": {"path":"C:\\Users\\e032126\\service-provision-app\\server\\models\\index.js","statementMap":{"0":{"start":{"line":9,"column":0},"end":{"line":9,"column":85}},"1":{"start":{"line":10,"column":0},"end":{"line":10,"column":84}}},"fnMap":{},"branchMap":{},"s":{"0":1,"1":1},"f":{},"b":{},"_coverageSchema":"1a1c01bbd47fc00a2c39e90264f33305004495a9","hash":"2b63558b684abde0723444f40aa19ccd00a4379e"}
}
