TN:
SF:config.js
FNF:0
FNH:0
DA:2,1
LF:1
LH:1
BRDA:27,0,0,1
BRDA:27,0,1,0
BRF:2
BRH:1
end_of_record
TN:
SF:mail.js
FN:18,(anonymous_0)
FN:25,(anonymous_1)
FN:42,(anonymous_2)
FNF:3
FNH:1
FNDA:1,(anonymous_0)
FNDA:0,(anonymous_1)
FNDA:0,(anonymous_2)
DA:5,1
DA:6,1
DA:8,1
DA:18,1
DA:19,1
DA:20,0
DA:22,1
DA:25,1
DA:26,0
DA:42,0
DA:43,0
DA:44,0
DA:46,0
LF:13
LH:7
BRDA:19,0,0,0
BRDA:19,0,1,1
BRDA:43,1,0,0
BRDA:43,1,1,0
BRF:4
BRH:1
end_of_record
TN:
SF:sequelize.js
FNF:0
FNH:0
DA:5,1
LF:1
LH:1
BRF:0
BRH:0
end_of_record
TN:
SF:server.js
FN:53,(anonymous_0)
FN:76,(anonymous_1)
FN:84,(anonymous_2)
FN:98,(anonymous_3)
FN:119,(anonymous_4)
FN:126,(anonymous_5)
FN:143,(anonymous_6)
FN:158,(anonymous_7)
FN:187,(anonymous_8)
FN:210,(anonymous_9)
FN:227,(anonymous_10)
FN:242,(anonymous_11)
FN:252,(anonymous_12)
FN:256,(anonymous_13)
FN:271,(anonymous_14)
FN:279,(anonymous_15)
FN:293,(anonymous_16)
FN:311,(anonymous_17)
FN:330,(anonymous_18)
FN:350,(anonymous_19)
FN:363,(anonymous_20)
FN:375,(anonymous_21)
FN:385,(anonymous_22)
FN:401,(anonymous_23)
FN:435,(anonymous_24)
FN:476,(anonymous_25)
FN:599,(anonymous_26)
FN:614,(anonymous_27)
FN:626,(anonymous_28)
FN:647,(anonymous_29)
FN:666,(anonymous_30)
FN:681,(anonymous_31)
FN:705,(anonymous_32)
FN:724,(anonymous_33)
FN:752,(anonymous_34)
FN:769,(anonymous_35)
FN:787,(anonymous_36)
FN:806,(anonymous_37)
FN:833,(anonymous_38)
FN:869,(anonymous_39)
FN:889,(anonymous_40)
FN:898,(anonymous_41)
FN:904,(anonymous_42)
FN:907,(anonymous_43)
FNF:44
FNH:21
FNDA:1,(anonymous_0)
FNDA:3,(anonymous_1)
FNDA:3,(anonymous_2)
FNDA:3,(anonymous_3)
FNDA:0,(anonymous_4)
FNDA:1,(anonymous_5)
FNDA:0,(anonymous_6)
FNDA:4,(anonymous_7)
FNDA:1,(anonymous_8)
FNDA:1,(anonymous_9)
FNDA:1,(anonymous_10)
FNDA:1,(anonymous_11)
FNDA:8,(anonymous_12)
FNDA:7,(anonymous_13)
FNDA:1,(anonymous_14)
FNDA:1,(anonymous_15)
FNDA:1,(anonymous_16)
FNDA:1,(anonymous_17)
FNDA:1,(anonymous_18)
FNDA:0,(anonymous_19)
FNDA:0,(anonymous_20)
FNDA:0,(anonymous_21)
FNDA:0,(anonymous_22)
FNDA:0,(anonymous_23)
FNDA:3,(anonymous_24)
FNDA:1,(anonymous_25)
FNDA:0,(anonymous_26)
FNDA:1,(anonymous_27)
FNDA:0,(anonymous_28)
FNDA:0,(anonymous_29)
FNDA:0,(anonymous_30)
FNDA:0,(anonymous_31)
FNDA:0,(anonymous_32)
FNDA:0,(anonymous_33)
FNDA:0,(anonymous_34)
FNDA:0,(anonymous_35)
FNDA:0,(anonymous_36)
FNDA:0,(anonymous_37)
FNDA:0,(anonymous_38)
FNDA:0,(anonymous_39)
FNDA:1,(anonymous_40)
FNDA:0,(anonymous_41)
FNDA:0,(anonymous_42)
FNDA:0,(anonymous_43)
DA:18,1
DA:19,1
DA:39,1
DA:40,1
DA:41,1
DA:48,1
DA:49,1
DA:50,1
DA:53,1
DA:54,1
DA:55,1
DA:57,1
DA:59,1
DA:66,0
DA:69,1
DA:73,1
DA:76,1
DA:77,3
DA:78,3
DA:79,0
DA:84,3
DA:85,3
DA:86,0
DA:88,3
DA:89,3
DA:90,3
DA:91,3
DA:98,1
DA:99,3
DA:100,3
DA:101,3
DA:102,3
DA:103,3
DA:104,3
DA:106,0
DA:107,0
DA:110,0
DA:111,0
DA:119,1
DA:120,0
DA:126,1
DA:127,1
DA:128,1
DA:133,1
DA:134,1
DA:136,0
DA:139,0
DA:140,0
DA:143,1
DA:144,0
DA:145,0
DA:146,0
DA:152,0
DA:154,0
DA:155,0
DA:158,1
DA:159,4
DA:160,4
DA:161,4
DA:162,3
DA:166,3
DA:167,1
DA:172,1
DA:173,1
DA:174,1
DA:176,2
DA:179,1
DA:182,0
DA:187,1
DA:188,1
DA:189,1
DA:192,1
DA:198,0
DA:202,1
DA:205,1
DA:210,1
DA:216,1
DA:218,1
DA:220,0
DA:221,0
DA:227,1
DA:228,1
DA:229,1
DA:230,1
DA:231,1
DA:232,1
DA:234,0
DA:236,0
DA:237,0
DA:242,1
DA:243,1
DA:244,1
DA:252,8
DA:256,7
DA:264,1
DA:266,0
DA:267,0
DA:271,1
DA:272,1
DA:273,1
DA:279,1
DA:280,1
DA:281,1
DA:282,1
DA:283,1
DA:284,1
DA:285,0
DA:288,1
DA:289,1
DA:290,1
DA:293,1
DA:299,1
DA:300,1
DA:301,1
DA:304,1
DA:306,0
DA:307,0
DA:311,1
DA:312,1
DA:313,1
DA:315,1
DA:316,1
DA:317,0
DA:320,1
DA:321,1
DA:323,1
DA:325,0
DA:330,1
DA:331,1
DA:333,1
DA:342,1
DA:344,0
DA:345,0
DA:350,1
DA:351,0
DA:352,0
DA:354,0
DA:363,0
DA:368,0
DA:370,0
DA:371,0
DA:375,1
DA:376,0
DA:377,0
DA:378,0
DA:380,0
DA:381,0
DA:385,1
DA:386,0
DA:387,0
DA:388,0
DA:393,0
DA:395,0
DA:396,0
DA:401,1
DA:402,0
DA:403,0
DA:406,0
DA:407,0
DA:413,0
DA:414,0
DA:415,0
DA:418,0
DA:425,0
DA:430,0
DA:431,0
DA:435,1
DA:436,3
DA:437,3
DA:439,3
DA:440,3
DA:447,3
DA:448,3
DA:451,0
DA:462,0
DA:464,0
DA:470,0
DA:471,0
DA:476,1
DA:477,1
DA:478,1
DA:481,1
DA:483,1
DA:484,1
DA:490,0
DA:492,0
DA:502,0
DA:503,0
DA:504,0
DA:509,0
DA:515,0
DA:521,0
DA:523,0
DA:524,0
DA:529,0
DA:530,0
DA:534,0
DA:535,0
DA:538,0
DA:546,0
DA:558,0
DA:560,0
DA:566,0
DA:572,0
DA:573,0
DA:576,0
DA:577,0
DA:581,0
DA:583,0
DA:589,0
DA:592,0
DA:593,0
DA:599,1
DA:600,0
DA:601,0
DA:602,0
DA:603,0
DA:604,0
DA:606,0
DA:609,0
DA:610,0
DA:614,1
DA:615,1
DA:616,1
DA:617,1
DA:619,0
DA:620,0
DA:626,1
DA:627,0
DA:628,0
DA:629,0
DA:630,0
DA:642,0
DA:643,0
DA:647,0
DA:657,0
DA:658,0
DA:660,0
DA:661,0
DA:666,1
DA:667,0
DA:668,0
DA:671,0
DA:674,0
DA:675,0
DA:676,0
DA:678,0
DA:680,0
DA:682,0
DA:693,0
DA:696,0
DA:698,0
DA:700,0
DA:701,0
DA:705,1
DA:706,0
DA:707,0
DA:712,0
DA:713,0
DA:715,0
DA:718,0
DA:719,0
DA:724,1
DA:725,0
DA:726,0
DA:728,0
DA:733,0
DA:734,0
DA:737,0
DA:748,0
DA:752,0
DA:760,0
DA:762,0
DA:763,0
DA:767,1
DA:770,0
DA:771,0
DA:772,0
DA:775,0
DA:776,0
DA:778,0
DA:781,0
DA:782,0
DA:787,1
DA:788,0
DA:789,0
DA:790,0
DA:795,0
DA:796,0
DA:798,0
DA:801,0
DA:802,0
DA:806,1
DA:807,0
DA:808,0
DA:811,0
DA:815,0
DA:817,0
DA:818,0
DA:824,0
DA:826,0
DA:827,0
DA:833,1
DA:834,0
DA:835,0
DA:838,0
DA:841,0
DA:842,0
DA:843,0
DA:847,0
DA:848,0
DA:853,0
DA:861,0
DA:863,0
DA:864,0
DA:869,1
DA:870,0
DA:871,0
DA:874,0
DA:878,0
DA:879,0
DA:881,0
DA:884,0
DA:885,0
DA:889,1
DA:890,1
DA:891,1
DA:892,1
DA:894,0
DA:898,1
DA:899,0
DA:902,0
DA:905,0
DA:907,0
LF:334
LH:136
BRDA:78,0,0,0
BRDA:78,0,1,3
BRDA:85,1,0,0
BRDA:85,1,1,3
BRDA:103,2,0,3
BRDA:103,2,1,0
BRDA:103,3,0,3
BRDA:103,3,1,3
BRDA:133,4,0,1
BRDA:133,4,1,0
BRDA:161,5,0,3
BRDA:161,5,1,1
BRDA:166,6,0,1
BRDA:166,6,1,2
BRDA:192,7,0,0
BRDA:192,7,1,1
BRDA:193,8,0,1
BRDA:193,8,1,1
BRDA:193,8,2,1
BRDA:193,8,3,1
BRDA:231,9,0,1
BRDA:231,9,1,0
BRDA:284,10,0,0
BRDA:284,10,1,1
BRDA:288,11,0,1
BRDA:288,11,1,0
BRDA:288,12,0,1
BRDA:288,12,1,1
BRDA:316,13,0,0
BRDA:316,13,1,1
BRDA:414,14,0,0
BRDA:414,14,1,0
BRDA:414,15,0,0
BRDA:414,15,1,0
BRDA:447,16,0,3
BRDA:447,16,1,0
BRDA:447,17,0,3
BRDA:447,17,1,0
BRDA:483,18,0,1
BRDA:483,18,1,0
BRDA:490,19,0,0
BRDA:490,19,1,0
BRDA:490,19,2,0
BRDA:490,19,3,0
BRDA:502,20,0,0
BRDA:502,20,1,0
BRDA:523,21,0,0
BRDA:523,21,1,0
BRDA:529,22,0,0
BRDA:529,22,1,0
BRDA:534,23,0,0
BRDA:534,23,1,0
BRDA:535,24,0,0
BRDA:535,24,1,0
BRDA:576,25,0,0
BRDA:576,25,1,0
BRDA:576,26,0,0
BRDA:576,26,1,0
BRDA:603,27,0,0
BRDA:603,27,1,0
BRDA:642,28,0,0
BRDA:642,28,1,0
BRDA:642,29,0,0
BRDA:642,29,1,0
BRDA:650,30,0,0
BRDA:650,30,1,0
BRDA:675,31,0,0
BRDA:675,31,1,0
BRDA:712,32,0,0
BRDA:712,32,1,0
BRDA:733,33,0,0
BRDA:733,33,1,0
BRDA:775,34,0,0
BRDA:775,34,1,0
BRDA:795,35,0,0
BRDA:795,35,1,0
BRDA:817,36,0,0
BRDA:817,36,1,0
BRDA:842,37,0,0
BRDA:842,37,1,0
BRDA:847,38,0,0
BRDA:847,38,1,0
BRDA:878,39,0,0
BRDA:878,39,1,0
BRF:84
BRH:24
end_of_record
TN:
SF:models\Archive.js
FNF:0
FNH:0
DA:4,1
LF:1
LH:1
BRF:0
BRH:0
end_of_record
TN:
SF:models\CustomerService.js
FNF:0
FNH:0
DA:6,1
DA:36,1
DA:37,1
DA:39,1
DA:40,1
LF:5
LH:5
BRF:0
BRH:0
end_of_record
TN:
SF:models\Plan.js
FNF:0
FNH:0
DA:5,1
DA:17,1
DA:18,1
LF:3
LH:3
BRF:0
BRH:0
end_of_record
TN:
SF:models\Request.js
FNF:0
FNH:0
DA:7,1
DA:54,1
DA:55,1
DA:57,1
DA:58,1
LF:5
LH:5
BRF:0
BRH:0
end_of_record
TN:
SF:models\Service.js
FNF:0
FNH:0
DA:4,1
LF:1
LH:1
BRF:0
BRH:0
end_of_record
TN:
SF:models\User.js
FNF:0
FNH:0
DA:4,1
LF:1
LH:1
BRF:0
BRH:0
end_of_record
TN:
SF:models\index.js
FNF:0
FNH:0
DA:9,1
DA:10,1
LF:2
LH:2
BRF:0
BRH:0
end_of_record
